<?xml version="1.0" encoding="UTF-8"?>
<!-- Generated by org.testng.reporters.JUnitReportReporter -->
<testsuite hostname="ramniwas-PC" name="com.wvs.framework.test.automation.marketing.Lead_Test" tests="1" failures="0" timestamp="28 Nov 2015 08:24:29 GMT" time="57.524" errors="0">
  <testcase name="m" time="57.524" classname="com.wvs.framework.test.automation.marketing.Lead_Test"/>
</testsuite> <!-- com.wvs.framework.test.automation.marketing.Lead_Test -->
