<?xml version="1.0" encoding="UTF-8"?>
<!-- Generated by org.testng.reporters.JUnitReportReporter -->
<testsuite hostname="ramniwas-PC" name="testngbasics.Testng_Basic" tests="1" failures="0" timestamp="21 Nov 2015 08:39:53 GMT" time="0.028" errors="0">
  <testcase name="amehtodname" time="0.028" classname="testngbasics.Testng_Basic"/>
</testsuite> <!-- testngbasics.Testng_Basic -->
