<?xml version="1.0" encoding="UTF-8"?>
<!-- Generated by org.testng.reporters.JUnitReportReporter -->
<testsuite hostname="ramniwas-PC" name="testngbasics.Testng_Medium" tests="1" failures="0" timestamp="21 Nov 2015 08:39:53 GMT" time="0.001" errors="0">
  <testcase name="mehtodnamemedium" time="0.001" classname="testngbasics.Testng_Medium"/>
</testsuite> <!-- testngbasics.Testng_Medium -->
