<?xml version="1.0" encoding="UTF-8"?>
<!-- Generated by org.testng.reporters.JUnitReportReporter -->
<testsuite hostname="ramniwas-PC" name="com.wvs.framework.test.automation.marketing.Lead_Test" tests="1" failures="0" timestamp="1 Nov 2015 08:35:41 GMT" time="23.578" errors="0">
  <testcase name="m" time="23.578" classname="com.wvs.framework.test.automation.marketing.Lead_Test"/>
</testsuite> <!-- com.wvs.framework.test.automation.marketing.Lead_Test -->
